[debug] [2022-11-15T09:12:28.213Z] ----------------------------------------------------------------------
[debug] [2022-11-15T09:12:28.215Z] Command:       D:\Js\Node js\node.exe C:\Users\DELL\AppData\Roaming\npm\node_modules\firebase-tools\lib\bin\firebase.js init
[debug] [2022-11-15T09:12:28.216Z] CLI Version:   11.16.0
[debug] [2022-11-15T09:12:28.216Z] Platform:      win32
[debug] [2022-11-15T09:12:28.216Z] Node Version:  v16.14.2
[debug] [2022-11-15T09:12:28.217Z] Time:          Tue Nov 15 2022 14:42:28 GMT+0530 (India Standard Time)
[debug] [2022-11-15T09:12:28.217Z] ----------------------------------------------------------------------
[debug] 
[debug] [2022-11-15T09:12:28.290Z] > command requires scopes: ["email","openid","https://www.googleapis.com/auth/cloudplatformprojects.readonly","https://www.googleapis.com/auth/firebase","https://www.googleapis.com/auth/cloud-platform"]
[debug] [2022-11-15T09:12:28.291Z] > authorizing via signed-in user (kaveenbala12@gmail.com)
[info] 
     ######## #### ########  ######## ########     ###     ######  ########
     ##        ##  ##     ## ##       ##     ##  ##   ##  ##       ##
     ######    ##  ########  ######   ########  #########  ######  ######
     ##        ##  ##    ##  ##       ##     ## ##     ##       ## ##
     ##       #### ##     ## ######## ########  ##     ##  ######  ########

You're about to initialize a Firebase project in this directory:

  D:\Java\Workspace\CSharp_WebService_Demo\AngularDemo

Before we get started, keep in mind:

  * You are initializing within an existing Firebase project directory

